# JRE version: OpenJDK Runtime Environment (21.0.10) (build 21.0.10+-14961533-b1163.108)
# Java VM: OpenJDK 64-Bit Server VM (21.0.10+-14961533-b1163.108, mixed mode, tiered, compressed oops, compressed class ptrs, g1 gc, windows-amd64)
GC Precious Log:
 CardTable entry size: 512
 Card Set container configuration: InlinePtr #cards 5 size 8 Array Of Cards #cards 12 size 40 Howl #buckets 4 coarsen threshold 1843 Howl Bitmap #cards 512 size 80 coarsen threshold 460 Card regions per heap region 1 cards per card region 2048
 CPUs: 4 total, 4 available
 Memory: 2208M
 Large Page Support: Disabled
 NUMA Support: Disabled
 Compressed Oops: Enabled (32-bit)
 Heap Region Size: 1M
 Heap Min Capacity: 128M
 Heap Initial Capacity: 128M
 Heap Max Capacity: 512M
 Pre-touch: Disabled
 Parallel Workers: 4
 Concurrent Workers: 1
 Concurrent Refinement Workers: 4
 Periodic GC: Disabled
Heap:
 garbage-first heap   total 131072K, used 42279K [0x00000000e0000000, 0x0000000100000000)
  region size 1024K, 33 young (33792K), 10 survivors (10240K)
 Metaspace       used 25635K, committed 26048K, reserved 1114112K
  class space    used 3190K, committed 3392K, reserved 1048576K
GC Heap History (8 events):
Event: 2.328 GC heap before
{Heap before GC invocations=0 (full 0):
 garbage-first heap   total 131072K, used 13312K [0x00000000e0000000, 0x0000000100000000)
  region size 1024K, 13 young (13312K), 0 survivors (0K)
 Metaspace       used 7839K, committed 8000K, reserved 1114112K
  class space    used 738K, committed 832K, reserved 1048576K
}
Event: 2.335 GC heap after
{Heap after GC invocations=1 (full 0):
 garbage-first heap   total 131072K, used 1151K [0x00000000e0000000, 0x0000000100000000)
  region size 1024K, 2 young (2048K), 2 survivors (2048K)
 Metaspace       used 7839K, committed 8000K, reserved 1114112K
  class space    used 738K, committed 832K, reserved 1048576K
}
Event: 7.325 GC heap before
{Heap before GC invocations=1 (full 0):
 garbage-first heap   total 131072K, used 29823K [0x00000000e0000000, 0x0000000100000000)
  region size 1024K, 27 young (27648K), 2 survivors (2048K)
 Metaspace       used 9598K, committed 9792K, reserved 1114112K
  class space    used 928K, committed 1024K, reserved 1048576K
}
Event: 7.338 GC heap after
{Heap after GC invocations=2 (full 0):
 garbage-first heap   total 131072K, used 10558K [0x00000000e0000000, 0x0000000100000000)
  region size 1024K, 4 young (4096K), 4 survivors (4096K)
 Metaspace       used 9598K, committed 9792K, reserved 1114112K
  class space    used 928K, committed 1024K, reserved 1048576K
}
Event: 11.692 GC heap before
{Heap before GC invocations=2 (full 0):
 garbage-first heap   total 131072K, used 84286K [0x00000000e0000000, 0x0000000100000000)
  region size 1024K, 76 young (77824K), 4 survivors (4096K)
 Metaspace       used 12589K, committed 12736K, reserved 1114112K
  class space    used 1361K, committed 1408K, reserved 1048576K
}
Event: 11.703 GC heap after
{Heap after GC invocations=3 (full 0):
 garbage-first heap   total 131072K, used 12461K [0x00000000e0000000, 0x0000000100000000)
  region size 1024K, 6 young (6144K), 6 survivors (6144K)
 Metaspace       used 12589K, committed 12736K, reserved 1114112K
  class space    used 1361K, committed 1408K, reserved 1048576K
}
Event: 18.224 GC heap before
{Heap before GC invocations=3 (full 0):
 garbage-first heap   total 131072K, used 74925K [0x00000000e0000000, 0x0000000100000000)
  region size 1024K, 67 young (68608K), 6 survivors (6144K)
 Metaspace       used 21214K, committed 21504K, reserved 1114112K
  class space    used 2517K, committed 2624K, reserved 1048576K
}
Event: 18.250 GC heap after
{Heap after GC invocations=4 (full 0):
 garbage-first heap   total 131072K, used 20775K [0x00000000e0000000, 0x0000000100000000)
  region size 1024K, 10 young (10240K), 10 survivors (10240K)
 Metaspace       used 21214K, committed 21504K, reserved 1114112K
  class space    used 2517K, committed 2624K, reserved 1048576K
}

